0 info it worked if it ends with ok
1 verbose cli [ 'node',
1 verbose cli   '/usr/local/bin/npm',
1 verbose cli   'install',
1 verbose cli   '--save-dev',
1 verbose cli   'gulp-jasmine-phantom' ]
2 info using npm@2.14.2
3 info using node@v0.12.7
4 verbose node symlink /usr/local/bin/node
5 verbose install initial load of /Users/ianmcallister/workspace/sandbox/Udacity/Project1/package.json
6 verbose stack Error: Failed to parse json
6 verbose stack Trailing comma in object at 30:3
6 verbose stack   }
6 verbose stack   ^
6 verbose stack     at parseError (/usr/local/lib/node_modules/npm/node_modules/read-package-json/read-json.js:379:11)
6 verbose stack     at parseJson (/usr/local/lib/node_modules/npm/node_modules/read-package-json/read-json.js:68:23)
6 verbose stack     at /usr/local/lib/node_modules/npm/node_modules/read-package-json/read-json.js:48:5
6 verbose stack     at evalmachine.<anonymous>:334:14
6 verbose stack     at /usr/local/lib/node_modules/npm/node_modules/read-package-json/node_modules/graceful-fs/graceful-fs.js:102:5
6 verbose stack     at FSReqWrap.oncomplete (evalmachine.<anonymous>:95:15)
7 verbose cwd /Users/ianmcallister/workspace/sandbox/Udacity/Project1
8 error Darwin 13.4.0
9 error argv "node" "/usr/local/bin/npm" "install" "--save-dev" "gulp-jasmine-phantom"
10 error node v0.12.7
11 error npm  v2.14.2
12 error file /Users/ianmcallister/workspace/sandbox/Udacity/Project1/package.json
13 error code EJSONPARSE
14 error Failed to parse json
14 error Trailing comma in object at 30:3
14 error   }
14 error   ^
15 error File: /Users/ianmcallister/workspace/sandbox/Udacity/Project1/package.json
16 error Failed to parse package.json data.
16 error package.json must be actual JSON, not just JavaScript.
16 error
16 error This is not a bug in npm.
16 error Tell the package author to fix their package.json file. JSON.parse
17 verbose exit [ 1, true ]
